<?xml version="1.0" encoding="UTF-8"?>
<testsuites name="Kawan Lama Test Suite" time="24.031" tests="2" failures="0" errors="0">
   <testsuite name="Kawan Lama Test Suite" tests="2" failures="0" errors="0" time="24.031" skipped="0" timestamp="05-05-2025T22:47:06" hostname="KanzlerHund - MSI" id="Test Suites/Kawan Lama Test Suite">
      <properties>
         <property name="deviceName" value=""/>
         <property name="devicePlatform"/>
         <property name="logFolder" value="C:\\Users\\KanzlerHund\\git\\katalon-klg\\Reports\\20250505_224701\\Kawan Lama Test Suite\\20250505_224701"/>
         <property name="logFiles" value="C:\\Users\\KanzlerHund\\git\\katalon-klg\\Reports\\20250505_224701\\Kawan Lama Test Suite\\20250505_224701\\console0.log, C:\\Users\\KanzlerHund\\git\\katalon-klg\\Reports\\20250505_224701\\Kawan Lama Test Suite\\20250505_224701\\execution0.log"/>
         <property name="attachments" value=""/>
         <property name="hostName" value="KanzlerHund - MSI"/>
         <property name="os" value="Windows 11 64bit"/>
         <property name="katalonVersion" value="10.2.0.0"/>
         <property name="browser" value="Chrome 135.0.7049.116"/>
         <property name="userFullName" value="F Ok"/>
         <property name="hostAddress" value="192.168.1.8"/>
         <property name="sessionId" value="babc9968efa4d6e7be7ea0a126b78a30"/>
         <property name="projectName" value="katalon-klg"/>
         <property name="seleniumVersion" value="4.28.1"/>
         <property name="proxyInformation" value="ProxyInformation { proxyOption=NO_PROXY, proxyServerType=HTTP, username=, password=********, proxyServerAddress=, proxyServerPort=0, executionList=&quot;&quot;, isApplyToDesiredCapabilities=true }"/>
         <property name="platform" value="Windows 11"/>
      </properties>
      <testcase name="Test Cases/login-logout" time="10.813" classname="Test Cases/login-logout" status="PASSED">
         <system-out><![CDATA[05-05-2025T22:47:07 - [TEST_CASE][PASSED] - Test Cases/login-logout: Test Cases/login-logout

05-05-2025T22:47:07 - [TEST_STEP][PASSED] - openBrowser(""): Browser is opened with url: ''

05-05-2025T22:47:08 - [MESSAGE][INFO] - Starting 'Chrome' driver

05-05-2025T22:47:08 - [MESSAGE][INFO] - Action delay is set to 0 milliseconds

05-05-2025T22:47:10 - [MESSAGE][PASSED] - Browser is opened with url: ''

05-05-2025T22:47:10 - [TEST_STEP][PASSED] - navigateToUrl(link): Navigate to 'https://katalon-demo-cura.herokuapp.com/' successfully

05-05-2025T22:47:13 - [MESSAGE][PASSED] - Navigate to 'https://katalon-demo-cura.herokuapp.com/' successfully

05-05-2025T22:47:13 - [TEST_STEP][PASSED] - click(findTestObject("Object Repository/Login Page/Page_CURA Healthcare Service/i_CURA Healthcare_fa fa-bars")): Object: 'Object Repository/Login Page/Page_CURA Healthcare Service/i_CURA Healthcare_fa fa-bars' is clicked on

05-05-2025T22:47:13 - [MESSAGE][PASSED] - Object: 'Object Repository/Login Page/Page_CURA Healthcare Service/i_CURA Healthcare_fa fa-bars' is clicked on

05-05-2025T22:47:13 - [TEST_STEP][PASSED] - click(findTestObject("Object Repository/Login Page/Page_CURA Healthcare Service/a_Login")): Object: 'Object Repository/Login Page/Page_CURA Healthcare Service/a_Login' is clicked on

05-05-2025T22:47:14 - [MESSAGE][PASSED] - Object: 'Object Repository/Login Page/Page_CURA Healthcare Service/a_Login' is clicked on

05-05-2025T22:47:14 - [TEST_STEP][PASSED] - setText(findTestObject("Object Repository/Login Page/Page_CURA Healthcare Service/input_Username_username"), findTestData("Credential").getValue(1, 1)): Text 'John Doe' is set on object 'Object Repository/Login Page/Page_CURA Healthcare Service/input_Username_username'

05-05-2025T22:47:15 - [MESSAGE][PASSED] - Text 'John Doe' is set on object 'Object Repository/Login Page/Page_CURA Healthcare Service/input_Username_username'

05-05-2025T22:47:15 - [TEST_STEP][PASSED] - setEncryptedText(findTestObject("Object Repository/Login Page/Page_CURA Healthcare Service/input_Password_password"), findTestData("Credential").getValue(1, 2)): Text ****** has been set on object 'Object Repository/Login Page/Page_CURA Healthcare Service/input_Password_password'

05-05-2025T22:47:15 - [MESSAGE][PASSED] - Text ****** has been set on object 'Object Repository/Login Page/Page_CURA Healthcare Service/input_Password_password'

05-05-2025T22:47:15 - [TEST_STEP][PASSED] - click(findTestObject("Object Repository/Login Page/Page_CURA Healthcare Service/button_Login")): Object: 'Object Repository/Login Page/Page_CURA Healthcare Service/button_Login' is clicked on

05-05-2025T22:47:16 - [MESSAGE][PASSED] - Object: 'Object Repository/Login Page/Page_CURA Healthcare Service/button_Login' is clicked on

05-05-2025T22:47:16 - [TEST_STEP][PASSED] - click(findTestObject("Object Repository/Login Page/Page_CURA Healthcare Service/i_CURA Healthcare_fa fa-bars")): Object: 'Object Repository/Login Page/Page_CURA Healthcare Service/i_CURA Healthcare_fa fa-bars' is clicked on

05-05-2025T22:47:16 - [MESSAGE][PASSED] - Object: 'Object Repository/Login Page/Page_CURA Healthcare Service/i_CURA Healthcare_fa fa-bars' is clicked on

05-05-2025T22:47:16 - [TEST_STEP][PASSED] - click(findTestObject("Object Repository/Login Page/Page_CURA Healthcare Service/a_Logout")): Object: 'Object Repository/Login Page/Page_CURA Healthcare Service/a_Logout' is clicked on

05-05-2025T22:47:17 - [MESSAGE][PASSED] - Object: 'Object Repository/Login Page/Page_CURA Healthcare Service/a_Logout' is clicked on

05-05-2025T22:47:17 - [TEST_STEP][PASSED] - closeBrowser(): Browser is closed

05-05-2025T22:47:18 - [MESSAGE][PASSED] - Browser is closed]]></system-out>
         <system-err><![CDATA[]]></system-err>
      </testcase>
      <testcase name="Test Cases/appointment" time="12.534" classname="Test Cases/appointment" status="PASSED">
         <properties>
            <property name="data_binding"><![CDATA[{"(Default) link":"https://katalon-demo-cura.herokuapp.com/"}]]></property>
         </properties>
         <system-out><![CDATA[05-05-2025T22:47:18 - [TEST_CASE][PASSED] - Test Cases/appointment: Test Cases/appointment

05-05-2025T22:47:18 - [TEST_STEP][PASSED] - openBrowser(""): Browser is opened with url: ''

05-05-2025T22:47:18 - [MESSAGE][INFO] - Starting 'Chrome' driver

05-05-2025T22:47:18 - [MESSAGE][INFO] - Action delay is set to 0 milliseconds

05-05-2025T22:47:19 - [MESSAGE][PASSED] - Browser is opened with url: ''

05-05-2025T22:47:19 - [TEST_STEP][PASSED] - navigateToUrl(link): Navigate to 'https://katalon-demo-cura.herokuapp.com/' successfully

05-05-2025T22:47:22 - [MESSAGE][PASSED] - Navigate to 'https://katalon-demo-cura.herokuapp.com/' successfully

05-05-2025T22:47:22 - [TEST_STEP][PASSED] - click(findTestObject("Object Repository/Appointment Page/Page_CURA Healthcare Service/a_Make Appointment")): Object: 'Object Repository/Appointment Page/Page_CURA Healthcare Service/a_Make Appointment' is clicked on

05-05-2025T22:47:22 - [MESSAGE][PASSED] - Object: 'Object Repository/Appointment Page/Page_CURA Healthcare Service/a_Make Appointment' is clicked on

05-05-2025T22:47:22 - [TEST_STEP][PASSED] - setText(findTestObject("Object Repository/Login Page/Page_CURA Healthcare Service/input_Username_username"), findTestData("Credential").getValue(1, 1)): Text 'John Doe' is set on object 'Object Repository/Login Page/Page_CURA Healthcare Service/input_Username_username'

05-05-2025T22:47:23 - [MESSAGE][PASSED] - Text 'John Doe' is set on object 'Object Repository/Login Page/Page_CURA Healthcare Service/input_Username_username'

05-05-2025T22:47:23 - [TEST_STEP][PASSED] - setEncryptedText(findTestObject("Object Repository/Login Page/Page_CURA Healthcare Service/input_Password_password"), findTestData("Credential").getValue(1, 2)): Text ****** has been set on object 'Object Repository/Login Page/Page_CURA Healthcare Service/input_Password_password'

05-05-2025T22:47:23 - [MESSAGE][PASSED] - Text ****** has been set on object 'Object Repository/Login Page/Page_CURA Healthcare Service/input_Password_password'

05-05-2025T22:47:23 - [TEST_STEP][PASSED] - click(findTestObject("Object Repository/Appointment Page/Page_CURA Healthcare Service/button_Login")): Object: 'Object Repository/Appointment Page/Page_CURA Healthcare Service/button_Login' is clicked on

05-05-2025T22:47:24 - [MESSAGE][PASSED] - Object: 'Object Repository/Appointment Page/Page_CURA Healthcare Service/button_Login' is clicked on

05-05-2025T22:47:24 - [TEST_STEP][PASSED] - selectOptionByValue(findTestObject("Object Repository/Appointment Page/Page_CURA Healthcare Service/select_Tokyo CURA Healthcare Center        _5b4107"), "Hongkong CURA Healthcare Center", true): All options with value 'Hongkong CURA Healthcare Center' are selected in object 'Object Repository/Appointment Page/Page_CURA Healthcare Service/select_Tokyo CURA Healthcare Center        _5b4107'  using regular expression

05-05-2025T22:47:25 - [MESSAGE][PASSED] - All options with value 'Hongkong CURA Healthcare Center' are selected in object 'Object Repository/Appointment Page/Page_CURA Healthcare Service/select_Tokyo CURA Healthcare Center        _5b4107'  using regular expression

05-05-2025T22:47:25 - [TEST_STEP][PASSED] - click(findTestObject("Object Repository/Appointment Page/Page_CURA Healthcare Service/input_Apply for hospital readmission_hospit_63901f")): Object: 'Object Repository/Appointment Page/Page_CURA Healthcare Service/input_Apply for hospital readmission_hospit_63901f' is clicked on

05-05-2025T22:47:26 - [MESSAGE][PASSED] - Object: 'Object Repository/Appointment Page/Page_CURA Healthcare Service/input_Apply for hospital readmission_hospit_63901f' is clicked on

05-05-2025T22:47:26 - [TEST_STEP][PASSED] - click(findTestObject("Object Repository/Appointment Page/Page_CURA Healthcare Service/input_Medicaid_programs")): Object: 'Object Repository/Appointment Page/Page_CURA Healthcare Service/input_Medicaid_programs' is clicked on

05-05-2025T22:47:26 - [MESSAGE][PASSED] - Object: 'Object Repository/Appointment Page/Page_CURA Healthcare Service/input_Medicaid_programs' is clicked on

05-05-2025T22:47:26 - [TEST_STEP][PASSED] - click(findTestObject("Object Repository/Appointment Page/Page_CURA Healthcare Service/input_Visit Date (Required)_visit_date")): Object: 'Object Repository/Appointment Page/Page_CURA Healthcare Service/input_Visit Date (Required)_visit_date' is clicked on

05-05-2025T22:47:26 - [MESSAGE][PASSED] - Object: 'Object Repository/Appointment Page/Page_CURA Healthcare Service/input_Visit Date (Required)_visit_date' is clicked on

05-05-2025T22:47:26 - [TEST_STEP][PASSED] - click(findTestObject("Object Repository/Appointment Page/Page_CURA Healthcare Service/td_13")): Object: 'Object Repository/Appointment Page/Page_CURA Healthcare Service/td_13' is clicked on

05-05-2025T22:47:27 - [MESSAGE][PASSED] - Object: 'Object Repository/Appointment Page/Page_CURA Healthcare Service/td_13' is clicked on

05-05-2025T22:47:27 - [TEST_STEP][PASSED] - click(findTestObject("Object Repository/Appointment Page/Page_CURA Healthcare Service/div_Comment")): Object: 'Object Repository/Appointment Page/Page_CURA Healthcare Service/div_Comment' is clicked on

05-05-2025T22:47:28 - [MESSAGE][PASSED] - Object: 'Object Repository/Appointment Page/Page_CURA Healthcare Service/div_Comment' is clicked on

05-05-2025T22:47:28 - [TEST_STEP][PASSED] - setText(findTestObject("Object Repository/Appointment Page/Page_CURA Healthcare Service/textarea_Comment_comment"), "automation test"): Text 'automation test' is set on object 'Object Repository/Appointment Page/Page_CURA Healthcare Service/textarea_Comment_comment'

05-05-2025T22:47:28 - [MESSAGE][PASSED] - Text 'automation test' is set on object 'Object Repository/Appointment Page/Page_CURA Healthcare Service/textarea_Comment_comment'

05-05-2025T22:47:28 - [TEST_STEP][PASSED] - click(findTestObject("Object Repository/Appointment Page/Page_CURA Healthcare Service/button_Book Appointment")): Object: 'Object Repository/Appointment Page/Page_CURA Healthcare Service/button_Book Appointment' is clicked on

05-05-2025T22:47:29 - [MESSAGE][PASSED] - Object: 'Object Repository/Appointment Page/Page_CURA Healthcare Service/button_Book Appointment' is clicked on

05-05-2025T22:47:29 - [TEST_STEP][PASSED] - click(findTestObject("Object Repository/Appointment Page/Page_CURA Healthcare Service/a_Go to Homepage")): Object: 'Object Repository/Appointment Page/Page_CURA Healthcare Service/a_Go to Homepage' is clicked on

05-05-2025T22:47:30 - [MESSAGE][PASSED] - Object: 'Object Repository/Appointment Page/Page_CURA Healthcare Service/a_Go to Homepage' is clicked on]]></system-out>
         <system-err><![CDATA[]]></system-err>
      </testcase>
      <system-out><![CDATA[05-05-2025T22:47:06 - [TEST_SUITE][PASSED] - Kawan Lama Test Suite: Test Cases/appointment]]></system-out>
      <system-err><![CDATA[]]></system-err>
   </testsuite>
</testsuites>
